<?xml version="1.0" encoding="UTF-8"?>
<!-- Generated by org.testng.reporters.JUnitReportReporter -->
<testsuite hostname="DESKTOP-VP8FAF2" name="com.viasyst2.viasyst2.TestngDemo" tests="2" failures="0" timestamp="24 May 2019 12:54:25 GMT" time="15.181" errors="0">
  <testcase name="titleTest" time="7.270" classname="com.viasyst2.viasyst2.TestngDemo"/>
  <testcase name="urlCheck" time="7.911" classname="com.viasyst2.viasyst2.TestngDemo"/>
</testsuite> <!-- com.viasyst2.viasyst2.TestngDemo -->
