<?xml version="1.0" encoding="UTF-8"?>
<!-- Generated by org.testng.reporters.JUnitReportReporter -->
<testsuite hostname="DESKTOP-VP8FAF2" name="com.viasyst2.viasyst2.organisationPageTest" tests="1" failures="0" timestamp="27 May 2019 15:49:06 GMT" time="17.596" errors="0">
  <testcase name="clickOnOrgansiationMainMenu" time="17.596" classname="com.viasyst2.viasyst2.organisationPageTest"/>
</testsuite> <!-- com.viasyst2.viasyst2.organisationPageTest -->
